<?xml version="1.0" encoding="UTF-8"?>
<!-- Generated by org.testng.reporters.JUnitXMLReporter -->
<testsuite hostname="FireBreaks-MacBook-Pro.local" ignored="0" name="Test" tests="1" failures="0" timestamp="10 Sep 2022 02:49:22 GMT" time="0.024" errors="0">
  <testcase name="@BeforeClass loadUrl" time="0.0" classname="com.dropDownWeb.LTIDropDownSearch">
    <failure type="org.testng.TestNGException" message="
Can inject only one of &amp;lt;ITestContext, XmlTest&amp;gt; into a @BeforeClass annotated loadUrl.
For more information on native dependency injection please refer to http://testng.org/doc/documentation-main.html#native-dependency-injection">
      <![CDATA[org.testng.TestNGException: 
Can inject only one of <ITestContext, XmlTest> into a @BeforeClass annotated loadUrl.
For more information on native dependency injection please refer to http://testng.org/doc/documentation-main.html#native-dependency-injection
... Removed 23 stack frames]]>
    </failure>
  </testcase> <!-- @BeforeClass loadUrl -->
  <testcase name="toFind" time="0.0" classname="com.dropDownWeb.LTIDropDownSearch">
    <skipped/>
  </testcase> <!-- toFind -->
</testsuite> <!-- Test -->
