<?xml version="1.0" encoding="UTF-8"?>
<testng-results skipped="0" failed="0" ignored="0" total="1" passed="1">
  <reporter-output>
  </reporter-output>
  <suite name="Default suite" duration-ms="7246" started-at="2022-09-10T17:15:43Z" finished-at="2022-09-10T17:15:50Z">
    <groups>
    </groups>
    <test name="Default test" duration-ms="7246" started-at="2022-09-10T17:15:43Z" finished-at="2022-09-10T17:15:50Z">
      <class name="com.dropDownWeb.Project">
        <test-method status="PASS" signature="loadURL()[pri:0, instance:com.dropDownWeb.Project@15888343]" name="loadURL" is-config="true" duration-ms="3902" started-at="2022-09-10T17:15:43Z" finished-at="2022-09-10T17:15:47Z">
          <reporter-output>
          </reporter-output>
        </test-method> <!-- loadURL -->
        <test-method status="PASS" signature="seacrh()[pri:0, instance:com.dropDownWeb.Project@15888343]" name="seacrh" duration-ms="3167" started-at="2022-09-10T17:15:47Z" finished-at="2022-09-10T17:15:50Z">
          <reporter-output>
          </reporter-output>
        </test-method> <!-- seacrh -->
        <test-method status="PASS" signature="closeDriver()[pri:0, instance:com.dropDownWeb.Project@15888343]" name="closeDriver" is-config="true" duration-ms="166" started-at="2022-09-10T17:15:50Z" finished-at="2022-09-10T17:15:50Z">
          <reporter-output>
          </reporter-output>
        </test-method> <!-- closeDriver -->
      </class> <!-- com.dropDownWeb.Project -->
    </test> <!-- Default test -->
  </suite> <!-- Default suite -->
</testng-results>
